2023-10-14 21:16:43,196 - basicLogger - INFO - Retrieving Order at index 1
2023-10-14 21:31:11,953 - basicLogger - INFO - Retrieving Order at index 20
2023-10-14 21:35:24,818 - basicLogger - INFO - Retrieving Order at index 1
2023-10-14 21:36:05,491 - basicLogger - INFO - Retrieving Order at index 2
2023-10-14 21:36:40,259 - basicLogger - INFO - Retrieving Order at index 101
2023-10-14 21:36:49,548 - basicLogger - INFO - Retrieving Order at index 200
2023-10-14 21:36:50,789 - basicLogger - ERROR - No more messages found
2023-10-14 21:36:50,790 - basicLogger - ERROR - Could not find Order at index 200
2023-10-14 21:37:17,696 - basicLogger - INFO - Retrieving Order at index 102
2023-10-14 21:38:53,020 - basicLogger - INFO - Retrieving Order at index 103
2023-10-14 21:38:58,353 - basicLogger - INFO - Retrieving Order at index 104
2023-10-14 21:39:14,186 - basicLogger - INFO - Retrieving Order at index 150
2023-10-14 21:39:23,163 - basicLogger - INFO - Retrieving Order at index 199
2023-10-14 21:39:28,150 - basicLogger - INFO - Retrieving Order at index 100
2023-10-14 21:39:31,215 - basicLogger - INFO - Retrieving Order at index 200
2023-10-14 21:39:32,473 - basicLogger - ERROR - No more messages found
2023-10-14 21:39:32,474 - basicLogger - ERROR - Could not find Order at index 200
2023-10-14 21:40:23,635 - basicLogger - INFO - Retrieving Order at index 0
2023-10-14 21:41:35,051 - basicLogger - INFO - Retrieving Order at index 1
2023-10-14 21:42:02,764 - basicLogger - INFO - Retrieving Order at index 199
2023-10-14 21:46:23,333 - basicLogger - INFO - Retrieving Order at index 100
2023-10-14 21:46:24,629 - basicLogger - ERROR - No more messages found
2023-10-14 21:46:24,629 - basicLogger - ERROR - Could not find Order at index 100
2023-10-14 21:46:29,701 - basicLogger - INFO - Retrieving Order at index 99
2023-10-14 21:46:31,002 - basicLogger - ERROR - No more messages found
2023-10-14 21:46:31,002 - basicLogger - ERROR - Could not find Order at index 99
2023-10-14 21:46:44,010 - basicLogger - INFO - Retrieving Order at index 1
2023-10-14 21:46:45,310 - basicLogger - ERROR - No more messages found
2023-10-14 21:46:45,311 - basicLogger - ERROR - Could not find Order at index 1
2023-10-14 21:48:20,099 - basicLogger - INFO - Retrieving Order at index 1
2023-10-14 21:48:21,401 - basicLogger - ERROR - No more messages found
2023-10-14 21:48:21,402 - basicLogger - ERROR - Could not find Order at index 1
2023-10-14 21:49:41,179 - basicLogger - INFO - Retrieving Order at index 200
2023-10-14 21:49:42,486 - basicLogger - ERROR - No more messages found
2023-10-14 21:49:42,487 - basicLogger - ERROR - Could not find Order at index 200
2023-10-14 21:55:57,493 - basicLogger - INFO - Retrieving Order at index 1
2023-10-14 21:55:58,782 - basicLogger - ERROR - No more messages found
2023-10-14 21:55:58,783 - basicLogger - ERROR - Could not find Order at index 1
2023-10-14 21:56:02,069 - basicLogger - INFO - Retrieving Order at index 0
2023-10-14 21:56:03,437 - basicLogger - ERROR - No more messages found
2023-10-14 21:56:03,437 - basicLogger - ERROR - Could not find Order at index 0
2023-10-14 21:56:26,873 - basicLogger - INFO - Retrieving Order at index 0
2023-10-14 21:56:28,196 - basicLogger - ERROR - No more messages found
2023-10-14 21:56:28,197 - basicLogger - ERROR - Could not find Order at index 0
2023-10-14 21:59:14,913 - basicLogger - INFO - Retrieving Delivery at index 0
2023-10-14 21:59:16,286 - basicLogger - ERROR - No more messages found
2023-10-14 21:59:16,286 - basicLogger - ERROR - Could not find Delivery at index 0
2023-10-14 22:03:41,281 - basicLogger - INFO - Retrieving Order at index 0
2023-10-14 22:03:42,864 - basicLogger - ERROR - No more messages found
2023-10-14 22:03:42,864 - basicLogger - ERROR - Could not find Order at index 0
2023-10-14 22:14:52,734 - basicLogger - INFO - Retrieving Order at index 0
2023-10-14 22:15:56,704 - basicLogger - INFO - Retrieving Order at index 49
2023-10-19 10:25:35,581 - basicLogger - INFO - Retrieving Order at index 0
2023-10-19 10:25:46,223 - basicLogger - INFO - Retrieving Order at index 50
2023-10-19 10:26:31,832 - basicLogger - INFO - Retrieving Order at index 100
2023-10-19 10:26:39,610 - basicLogger - INFO - Retrieving Order at index 200
2023-10-19 10:26:40,819 - basicLogger - ERROR - No more messages found
2023-10-19 10:26:40,820 - basicLogger - ERROR - Could not find Order at index 200
2023-10-19 10:26:47,929 - basicLogger - INFO - Retrieving Order at index 150
2023-10-19 10:26:49,126 - basicLogger - ERROR - No more messages found
2023-10-19 10:26:49,128 - basicLogger - ERROR - Could not find Order at index 150
2023-10-19 10:26:55,440 - basicLogger - INFO - Retrieving Order at index 125
2023-10-19 10:26:56,649 - basicLogger - ERROR - No more messages found
2023-10-19 10:26:56,650 - basicLogger - ERROR - Could not find Order at index 125
2023-10-19 10:27:01,697 - basicLogger - INFO - Retrieving Order at index 100
2023-10-19 10:27:09,163 - basicLogger - INFO - Retrieving Order at index 110
2023-10-19 10:27:10,377 - basicLogger - ERROR - No more messages found
2023-10-19 10:27:10,378 - basicLogger - ERROR - Could not find Order at index 110
2023-10-19 10:27:15,208 - basicLogger - INFO - Retrieving Order at index 105
2023-10-19 10:27:20,431 - basicLogger - INFO - Retrieving Order at index 106
2023-10-19 10:27:25,790 - basicLogger - INFO - Retrieving Order at index 107
2023-10-19 10:27:30,043 - basicLogger - INFO - Retrieving Order at index 108
2023-10-19 10:27:33,627 - basicLogger - INFO - Retrieving Order at index 109
2023-10-19 10:27:38,990 - basicLogger - INFO - Retrieving Order at index 110
2023-10-19 10:27:40,190 - basicLogger - ERROR - No more messages found
2023-10-19 10:27:40,191 - basicLogger - ERROR - Could not find Order at index 110
